mode: set
github.com/mmk31585/task-cli/internal/validator/validator.go:14.45,15.35 1 1
github.com/mmk31585/task-cli/internal/validator/validator.go:15.35,17.3 1 1
github.com/mmk31585/task-cli/internal/validator/validator.go:18.2,18.21 1 1
github.com/mmk31585/task-cli/internal/validator/validator.go:18.21,20.3 1 1
github.com/mmk31585/task-cli/internal/validator/validator.go:21.2,21.12 1 1
github.com/mmk31585/task-cli/internal/validator/validator.go:24.33,25.12 1 1
github.com/mmk31585/task-cli/internal/validator/validator.go:25.12,27.3 1 1
github.com/mmk31585/task-cli/internal/validator/validator.go:28.2,28.12 1 1
